<?xml version="1.0" encoding="UTF-8" standalone="no"?><testsuite errors="0" failures="0" name="Login de usuario en Buggy Cars Rating" skipped="0" tests="5" time="0.19" timestamp="2025-07-09 04:52:51"><testcase name="Login exitoso con credenciales validas"/><testcase name="Login fallido con credenciales invalidas"/><testcase name="Login fallido con campo de usuario vacio"/><testcase name="Login fallido con campo de contrasena vacio"/><testcase name="Login fallido con ambos campos vacios"/></testsuite>